d:\university\10371572-physgraph-assisgnment\physics and graphics vs coursework\x64\debug\vc142.pdb
d:\university\10371572-physgraph-assisgnment\physics and graphics vs coursework\x64\debug\vc142.idb
d:\university\10371572-physgraph-assisgnment\physics and graphics vs coursework\x64\debug\rigidbody3d.obj
d:\university\10371572-physgraph-assisgnment\physics and graphics vs coursework\x64\debug\rigidbody2d.obj
d:\university\10371572-physgraph-assisgnment\physics and graphics vs coursework\x64\debug\redball.obj
d:\university\10371572-physgraph-assisgnment\physics and graphics vs coursework\x64\debug\player.obj
d:\university\10371572-physgraph-assisgnment\physics and graphics vs coursework\x64\debug\planecollider.obj
d:\university\10371572-physgraph-assisgnment\physics and graphics vs coursework\x64\debug\particle.obj
d:\university\10371572-physgraph-assisgnment\physics and graphics vs coursework\x64\debug\model.obj
d:\university\10371572-physgraph-assisgnment\physics and graphics vs coursework\x64\debug\main.obj
d:\university\10371572-physgraph-assisgnment\physics and graphics vs coursework\x64\debug\gameobject.obj
d:\university\10371572-physgraph-assisgnment\physics and graphics vs coursework\x64\debug\gameengine.obj
d:\university\10371572-physgraph-assisgnment\physics and graphics vs coursework\x64\debug\forcegenerator.obj
d:\university\10371572-physgraph-assisgnment\physics and graphics vs coursework\x64\debug\field.obj
d:\university\10371572-physgraph-assisgnment\physics and graphics vs coursework\x64\debug\cue.obj
d:\university\10371572-physgraph-assisgnment\physics and graphics vs coursework\x64\debug\collisiondata.obj
d:\university\10371572-physgraph-assisgnment\physics and graphics vs coursework\x64\debug\colliders.obj
d:\university\10371572-physgraph-assisgnment\physics and graphics vs coursework\x64\debug\camera.obj
d:\university\10371572-physgraph-assisgnment\physics and graphics vs coursework\x64\debug\broadphasegrid.obj
d:\university\10371572-physgraph-assisgnment\physics and graphics vs coursework\x64\debug\blackball.obj
d:\university\10371572-physgraph-assisgnment\physics and graphics vs coursework\x64\debug\billboards.obj
d:\university\10371572-physgraph-assisgnment\physics and graphics vs coursework\x64\debug\aabbcollider.obj
d:\university\10371572-physgraph-assisgnment\physics and graphics vs coursework\x64\debug\yellowball.obj
d:\university\10371572-physgraph-assisgnment\physics and graphics vs coursework\x64\debug\whitecueball.obj
d:\university\10371572-physgraph-assisgnment\physics and graphics vs coursework\x64\debug\startscreen.obj
d:\university\10371572-physgraph-assisgnment\physics and graphics vs coursework\x64\debug\spherecollider.obj
d:\university\10371572-physgraph-assisgnment\physics and graphics vs coursework\x64\debug\sphere.obj
d:\university\10371572-physgraph-assisgnment\physics and graphics vs coursework\x64\debug\pooltable.obj
d:\university\10371572-physgraph-assisgnment\physics and graphics vs coursework\x64\debug\skybox.obj
d:\university\10371572-physgraph-assisgnment\physics and graphics vs coursework\x64\debug\shit.obj
d:\university\10371572-physgraph-assisgnment\physics and graphics vs coursework\x64\debug\shader.obj
d:\university\10371572-physgraph-assisgnment\physics and graphics vs coursework\x64\debug\physgraphs.exe
d:\university\10371572-physgraph-assisgnment\physics and graphics vs coursework\x64\debug\physgraphs.ilk
d:\university\10371572-physgraph-assisgnment\physics and graphics vs coursework\x64\debug\physgraphs.pdb
d:\university\10371572-physgraph-assisgnment\physics and graphics vs coursework\x64\debug\physgraphs.tlog\cl.command.1.tlog
d:\university\10371572-physgraph-assisgnment\physics and graphics vs coursework\x64\debug\physgraphs.tlog\cl.read.1.tlog
d:\university\10371572-physgraph-assisgnment\physics and graphics vs coursework\x64\debug\physgraphs.tlog\cl.write.1.tlog
d:\university\10371572-physgraph-assisgnment\physics and graphics vs coursework\x64\debug\physgraphs.tlog\link.command.1.tlog
d:\university\10371572-physgraph-assisgnment\physics and graphics vs coursework\x64\debug\physgraphs.tlog\link.read.1.tlog
d:\university\10371572-physgraph-assisgnment\physics and graphics vs coursework\x64\debug\physgraphs.tlog\link.write.1.tlog
